#
# A fatal error has been detected by the Java Runtime Environment:
#
#  Internal Error (javaClasses.cpp:136), pid=16900, tid=18208
#  fatal error: Invalid layout of preloaded class
#
# JRE version:  (7.0_71-b14) (build )
# Java VM: Java HotSpot(TM) 64-Bit Server VM (24.71-b01 mixed mode windows-amd64 compressed oops)
# Failed to write core dump. Minidumps are not enabled by default on client versions of Windows
#
# If you would like to submit a bug report, please visit:
#   http://bugreport.sun.com/bugreport/crash.jsp
#

---------------  T H R E A D  ---------------

Current thread (0x000000000076d800):  JavaThread "Unknown thread" [_thread_in_vm, id=18208, stack(0x0000000001ec0000,0x0000000001fc0000)]

Stack: [0x0000000001ec0000,0x0000000001fc0000]

---------------  P R O C E S S  ---------------

Java Threads: ( => current thread )

Other Threads:

=>0x000000000076d800 (exited) JavaThread "Unknown thread" [_thread_in_vm, id=18208, stack(0x0000000001ec0000,0x0000000001fc0000)]

VM state:not at safepoint (not fully initialized)

VM Mutex/Monitor currently owned by a thread: None

GC Heap History (0 events):
No events

Deoptimization events (0 events):
No events

Internal exceptions (0 events):
No events

Events (10 events):
Event: 0.073 loading class 0x00000000020054c0 done
Event: 0.073 loading class 0x0000000002004ee0 done
Event: 0.073 loading class 0x0000000002004ec0
Event: 0.073 loading class 0x000000000200d010
Event: 0.073 loading class 0x000000000200d010 done
Event: 0.073 loading class 0x000000000200d040
Event: 0.074 loading class 0x000000000200d040 done
Event: 0.074 loading class 0x000000000200d070
Event: 0.074 loading class 0x000000000200d070 done
Event: 0.074 loading class 0x0000000002004ec0 done


Dynamic libraries:
0x00007ff719070000 - 0x00007ff7190a3000 	C:\Program Files\Java\jre7\bin\javaw.exe
0x00007ff8334f0000 - 0x00007ff833696000 	C:\Windows\SYSTEM32\ntdll.dll
0x00007ff8326f0000 - 0x00007ff83282a000 	C:\Windows\system32\KERNEL32.DLL
0x00007ff830c10000 - 0x00007ff830d1f000 	C:\Windows\system32\KERNELBASE.dll
0x00007ff82f470000 - 0x00007ff82f4f8000 	C:\Windows\system32\apphelp.dll
0x00007ff824e90000 - 0x00007ff824edf000 	C:\Windows\AppPatch\AppPatch64\AcGenral.DLL
0x00007ff832580000 - 0x00007ff832627000 	C:\Windows\system32\msvcrt.dll
0x00007ff830640000 - 0x00007ff83066b000 	C:\Windows\SYSTEM32\SspiCli.dll
0x00007ff831110000 - 0x00007ff831161000 	C:\Windows\system32\SHLWAPI.dll
0x00007ff8331d0000 - 0x00007ff833341000 	C:\Windows\system32\USER32.dll
0x00007ff832ac0000 - 0x00007ff832c38000 	C:\Windows\system32\ole32.dll
0x00007ff831170000 - 0x00007ff83257f000 	C:\Windows\system32\SHELL32.dll
0x00007ff82fe50000 - 0x00007ff82fe6e000 	C:\Windows\SYSTEM32\USERENV.dll
0x00007ff831060000 - 0x00007ff831105000 	C:\Windows\system32\ADVAPI32.dll
0x00007ff824e70000 - 0x00007ff824e8b000 	C:\Windows\SYSTEM32\MPR.dll
0x00007ff832c90000 - 0x00007ff832dc7000 	C:\Windows\system32\RPCRT4.dll
0x00007ff830d70000 - 0x00007ff830dc7000 	C:\Windows\SYSTEM32\sechost.dll
0x00007ff832dd0000 - 0x00007ff832fa6000 	C:\Windows\SYSTEM32\combase.dll
0x00007ff830de0000 - 0x00007ff830f24000 	C:\Windows\system32\GDI32.dll
0x00007ff830860000 - 0x00007ff830874000 	C:\Windows\SYSTEM32\profapi.dll
0x00007ff82eb30000 - 0x00007ff82ebcf000 	C:\Windows\SYSTEM32\SHCORE.dll
0x00007ff832c40000 - 0x00007ff832c74000 	C:\Windows\system32\IMM32.DLL
0x00007ff833070000 - 0x00007ff8331a9000 	C:\Windows\system32\MSCTF.dll
0x00007ff82ca20000 - 0x00007ff82cc7a000 	C:\Windows\WinSxS\amd64_microsoft.windows.common-controls_6595b64144ccf1df_6.0.9600.17031_none_6242a4b3ecbb55a1\COMCTL32.dll
0x00000000724c0000 - 0x0000000072592000 	C:\Program Files\Java\jre7\bin\msvcr100.dll
0x0000000071ce0000 - 0x00000000724b3000 	C:\Program Files\Java\jre7\bin\server\jvm.dll
0x00007ff823840000 - 0x00007ff823849000 	C:\Windows\SYSTEM32\WSOCK32.dll
0x00007ff82ab00000 - 0x00007ff82ab1f000 	C:\Windows\SYSTEM32\WINMM.dll
0x00007ff833060000 - 0x00007ff833067000 	C:\Windows\system32\PSAPI.DLL
0x00007ff832690000 - 0x00007ff8326e8000 	C:\Windows\system32\WS2_32.dll
0x00007ff82aad0000 - 0x00007ff82aafa000 	C:\Windows\SYSTEM32\WINMMBASE.dll
0x00007ff830dd0000 - 0x00007ff830dd9000 	C:\Windows\system32\NSI.dll
0x00007ff830bc0000 - 0x00007ff830c0a000 	C:\Windows\SYSTEM32\cfgmgr32.dll
0x00007ff82f6c0000 - 0x00007ff82f6e6000 	C:\Windows\SYSTEM32\DEVOBJ.dll
0x0000000071cd0000 - 0x0000000071cdf000 	C:\Program Files\Java\jre7\bin\verify.dll
0x0000000071ca0000 - 0x0000000071cc8000 	C:\Program Files\Java\jre7\bin\java.dll
0x0000000071950000 - 0x0000000071985000 	C:\Program Files\Java\jre7\bin\jdwp.dll
0x0000000071b60000 - 0x0000000071b68000 	C:\Program Files\Java\jre7\bin\npt.dll
0x0000000071c80000 - 0x0000000071c95000 	C:\Program Files\Java\jre7\bin\zip.dll

VM Arguments:
jvm_args: -agentlib:jdwp=transport=dt_socket,suspend=y,address=localhost:63778 -Dfile.encoding=Cp1252 -Xbootclasspath:C:\Program Files\Android\android-sdk\platforms\android-17\android.jar 
java_command: ca.ualberta.cs.omoyeni_travel_expense.StringArray
Launcher Type: SUN_STANDARD

Environment Variables:
JAVA_HOME=C:\Program Files\Java\jdk1.7.0_71
PATH=C:\Program Files\Broadcom\Broadcom 802.11;;C:\Program Files (x86)\Intel\iCLS Client\;C:\Program Files\Intel\iCLS Client\;C:\Windows\system32;C:\Windows;C:\Windows\System32\Wbem;C:\Windows\System32\WindowsPowerShell\v1.0\;C:\Program Files\Hewlett-Packard\SimplePass\;C:\Program Files\Intel\Intel(R) Management Engine Components\DAL;C:\Program Files\Intel\Intel(R) Management Engine Components\IPT;C:\Program Files (x86)\Intel\Intel(R) Management Engine Components\DAL;C:\Program Files (x86)\Intel\Intel(R) Management Engine Components\IPT;C:\Program Files (x86)\Autodesk\Backburner\;C:\Program Files\Common Files\Autodesk Shared\
USERNAME=omoyeni
OS=Windows_NT
PROCESSOR_IDENTIFIER=Intel64 Family 6 Model 69 Stepping 1, GenuineIntel



---------------  S Y S T E M  ---------------

OS: Windows 8.1 , 64 bit Build 9600 

CPU:total 4 (2 cores per cpu, 2 threads per core) family 6 model 69 stepping 1, cmov, cx8, fxsr, mmx, sse, sse2, sse3, ssse3, sse4.1, sse4.2, popcnt, avx, avx2, aes, erms, ht, tsc, tscinvbit

Memory: 4k page, physical 8317080k(4171264k free), swap 9693336k(3116496k free)

vm_info: Java HotSpot(TM) 64-Bit Server VM (24.71-b01) for windows-amd64 JRE (1.7.0_71-b14), built on Sep 26 2014 16:16:12 by "java_re" with unknown MS VC++:1600

time: Sat Jan 31 17:50:40 2015
elapsed time: 0 seconds

